<?xml version="1.0" encoding="UTF-8"?>
<!-- Generated by org.testng.reporters.JUnitReportReporter -->
<testsuite skipped="0" hostname="DESKTOP-MK5KMDR" name="Experiment.Automation.SimpleTest" tests="2" failures="0" timestamp="06 Jan 2019 14:05:28 GMT" time="0.011" errors="0">
  <testcase name="aFastTest" time="0.008" classname="Experiment.Automation.SimpleTest"/>
  <testcase name="aSlowTest" time="0.003" classname="Experiment.Automation.SimpleTest"/>
</testsuite> <!-- Experiment.Automation.SimpleTest -->
